mNNNmmmmmmmmNmmmmmmmmmmdmdmmmmmmmmmmmmmmmmmmmmmmmmmmmmddddddmdddddhhyyssssoo++++//////:::::::://////
NNNNNNNNNNNNNNNNNNNNNNNNNNNNNNNNNNNNNNNNNNNNNyoNNdsohmmhmNNNNNmNNNNNNNNNNNNNNNNNNNNNmmmmmdddhhyyysso
NNNNNNNNNNNNNNNNNNNNNNNNNNNNNNNNNNmmmmmmmmNNh/`:yo..oy+.ymmNNNNNNNNNNNNNNNNNNNNNNNNNNNNNNNNNNNNNNNNN
NNNNNNNNNNNNNNNNNNNNNNNNNNNNNNNhommdddddddmddh:`yd-.sho.:hddNNNNNNNNNNNNNNNNNNNNNNNNNNNNNNNNNNNNNNNN
NNNNNNNNNNNNNNNNNNNNNNNNNNNNNNdo.shhhhyssymdNm/.dd--yhy+:ohmNNNNNNNNNNNNNNNNNNNNNNNNNNNNNNNNNNNNNNNN
NNNNNNNNNNNNNNNNNNNNNmmmmmNmmhhy+-mhyyos/shNNm/.mh.:syy+yhhdoydhmmNNmmmmmmNNNNNNNNNNNNNNNNNNNNNNNNNN
NNNNNNNNNNNNNNNNdNmmmmddhhyyo:mmh:shys/yo+yNNm:-my.oyy+.yymh:yh/+dmmdddddmmmmNNNNNNNNNNNNNNNNNNNNNNN
NNNNNNNNNNNNmmhshmmdhhyys+:hh+oshhshhyssssyNNm/smy.osy+.yddy+hs:dmy+s+shhddmmNNNNNNNNNNNNNNNNNNNNNNN
NNNNNNNNNNms//+yNNmyo++yyy/+ddddNNNmdo+++++syysyys:s+oo.ymNNmmhoyy+/ys+hysmmNNNNNNNNNNNNNNNNNNNNNNNN
NNNNNNNNNNs/oysdmmys+y++sysyyhmmhyssss+oossddymmdshysos`oyyyhdmmyysosyyy+:dsddhsshNNNNNNNNNNNNNNNNNN
NNNNNNNNNd/.....-:+h+sdhyssoo++sydmNNNhyhhhmhmNmhmmdhhh:+dmdyso+oosssyho/mmdhs+-+mNNNmNNNNNNNNNNNNNN
NNNNNNNNmmhhy:-:o/+NmNNNdo///+ohNNNNNNNdddmmNNNNNNmmmmmdNNNNNmyo/:/+sdNdhmmds/+hyddmmmmNNNNNNNNNNNNN
NNNNNNmmmddhssoyhsmNNNmhosyssyyhdNNNNNNNmmmNNNNNNNmmmmNNNNNNNdhhysooohmNNNmh-ydhhhdddmmmNNNNNNNNNNNN
NNNNNmmddhhhyy+::hmNmhsymNNmdhddmmNNNNNmhysoo+////++sshdNNNNmmdddmNNmyohmNNdyssy+/yodddmmNNNNNNNNNNN
NNNNNmmdhhhyhsyyssssoymNNNNNNNmmmNNmys+/////////++++++///oydmmmNNNNNNNdyoyssyyyo:sy/sdmmNNNNNNNNNNNN
NNNNNNNNNmdhhsssso//+ydmNNNNNNNNds+/:///:::::::/+osyhhhyo+///sdNNNNNNNmho//ossyyohhdmNNNNNNNNNNNNNNN
NNNNNNNNNNNNNhdyo:/oyyhdmNNNNdy+///+ooo//::://+++shdhhdmdhhso//odNNNNdhyyo//oyhdmNNNNNNNNNNNNNNNNNNN
NNNNNNNNNNNNNNNhoydhhhdmmmmyo///+osyys+///++ooo+oymdhydmmmmdhyo+/smNmddhhhhs+hNNNNNNNNNNNNmNNNNNNNNN
mmmddmmNNNNNNNhohNNNNNNmhs+++/++oossso+//+ooooo+osddyyhdmmmmmdhyo/+mNmmmNNNmyohNNNNNNmdddddmmmNNNNNN
mmdhhyyyhhmmNhoyNNNNNmyssyysooossssooo+++oooo+++osdmhssydmmmmdydhs/+mNNNNNNNmyodmmdhyyyhhhddmmmNNNNN
mdhhyyyysssyy+odNNNNdoydmdyo++ossssooo++ooo+++++ooymdyooyhmmmmyyddy/+mNNNNNNmd+/syssyyyyyhhdmmmmNNNN
mdhhyyysssss+:syhmmNosshy+:::::--:/+sysssooo++o+++symds++shmmmhshmdy/omNNNmdhyo:+ssssssyyhhdmmmNNNNN
NNmmddhhhyys:+yyhdmmo+ssoyyhhhhyyso+///+oo+///++sysshmho/+shmmdsydmmy/ommmddhys/:syyhhhdmmmNNNNNNNNN
NNNNNNNNNNmy+hmmmmNNm+s+ddys+//:/++osyyhhhho/+++/oyhydmho/+sdmmhsymmmy/smNmmdmmh+yNNNNNNNNNNNNNNNNNN
NNNNNNNNNNmssmNNNNNNmo+oyo/-``````.-::+syhddy+:::+o+hhdmy+/oydmmssdmmdy/sNNNNNNmosmNNNNNNNNNNNNNNNNN
NNNNNNNNNNmoyNNNNNNNsooss-``       ``..-:/+ohddys+//+osdds+/ohmmhsymmmdy/yNNNNNNsomNNNNNNNNNmmmNNNNN
NmmmmmmmmmdohmNNNNNsoo+hh.        ```..---:-/hdmmmds/++dmho/+shmmysdmmmdy+hNNNNmy+hddhyyyyyhhddmmNNN
ddhyysyysso/ohdmmms+ooymmo`     ``-/shmmmmdhs/+dmmmmo/odmds+/+ydmdshmmmmdy+hmmdy+:osssssssyyhhdmmNNN
dhyyyssssss/+hmmmh+sydmmmm+`````.:+hmmmmmmdho/::yhydy/sdddho/+shmmhydmmmmds+dmdh+/ssssssssyyhhdmmmNN
dhyyyssssyy++dNNdshmmmmmmmm+-/+/:::+oyhhhyso:..:/oydd+hdddhs+/oymmdyhmmmmmdsomNd+sdddhhhhhhhddmmmNNN
dddddddmmmmy+dNmydddmmmdmmmdymmmh:`.-:///:-----:+shhhodhhhyyo++sdmmhymmmmmmmsymh+dNNNNNNNNNNNNNNNNNN
NNNNNNNNNNNmoymshhhhdmddddmmmmddhs`....--:+ssoooyddyysyhhhhys++ohmmmydmNmmmmmyyssmNNNNNNNNNNNNNNNNNN
NNNNNNNNNNNNyodsyyyhdmdhyhhdmmho++/hhyyo++ooosyhmNmyssohyyyyso+oymmmhhmNmmmmmmhshNNNNNNNNNNNNNNNNNNN
NNNNNNNNNNmmdoossssyhddyoosydmmdo:/yhhydh--::/++hmd+//+yyyyyso++ymmmhymNNNmmmmmdhdNNNNNNNNNNNNNNNNNN
NNNNNmdhhyyhhy+ssossydds/::+shmmmysyooo/+-....-+yo+-../+hyssss++sdmmdydmNNNmdmmmmdddhhhdmmNNNNNNNNNN
Nmdhyyyssyyhhdhoshoosyhy/:::/shdmmdddy-..``.::/+/.```./+ohsssso+sdmmdyhmNNNmddmmmmddmhsssyyhmmNNNNNN
dhhyysssssyhmNNdoshooosy+::::+shddmmmNy..--/:++:-`..::o++yysssooohmmdyydNmNmdddmmmdmmmhsssyyhhdmNNNN
dhhyyyysydmNNNNNmssyo++so::::/+yhhddmmmy:::+/://:::::sho++dyssoooymmdysdmNNmmdddmmmmmmmmyssyhhdmmNNN
ddhhyydmNNNNNNNNmmyoo++os/:::/+oydhhhdmyso/oooys/--:ymdo++odysosoydmdyshmNNmmmdddmmmmmmNNdyhhddmmNNN
mdddmNNNNNNNNNNNNNNdy+++oo::://+shhyyhdhooyo+/----+hmmdo+/+ohysysydmmhsydmNNmmdddmmmmmmNNNNdddmmmNNN
NNNNNNNNNNNNNNNNNNNmho//+o/://++oydysyydo/oo+::+oydmmmdo///+sdyyhshmmhyshmNNmmdddmmmmmmNNNNNmmmNNNNN
NNNNNNNNNNNNNNNNNmyosss//+o///++osdhsssyy-//+oyhddddddho////+sdddyhmNmdhhmNNmmmddmmmmmmmNNNNNNNNNNNN
NNNNNNNNNNNNNNNmho+soydy++o+//+oosydyoooys/:/+osyyhhyyyo///:/+smmyhmNNmmhdmNmmmmmmmmNmmmNNNNNNNNNNNN
NNNNNNNNNNNNNNdsosssohdds++o+++oosyhdsoooyy//://+ossssyo+ooooo+omhhmNNmdhdmNmNNmmmNNNNmNNNNNNNNNNNNN
NNNNNNNNNNNNdyoosoo+sdhhdyooo+ooosyydhsoooyy+///++oosyhy+oossso/ymdmNNmhyhmNmNNmmNNNNNmNNNNNNNNNNNNN
NNNNNNNNNNmhso+osssyhhhhhmyosooossyyhmdssssdhhyso+ossyyh//+syo++odmNNNdyydmNmNNmmmmNNNNNNNNNNNNNNNNN
NNNNNNNNmhyso++ydhhyyyyyydmhsssssyyyhdmdyysyhhhsyyhyyyymo+oyy++ooymNNmhyhdmNmNmmmmNNNNmNNNNNNNNNNNNN
NNNNNNmdhyyso++yhhsoossyhdmmhysyyhddysoo++///+soo+yhmmmdysyhy+ooosdNNmyyhdNNmmddmmmmNNNNNNNNNNNNNNNN
NNNNmddhyyyyo++ooooossyhyssssssssys+::/++////syoo/oshmmmhoohmdyyssymNmhyhmNNmmddmmmmNNNNNNNNNNNNNNNN
NNNmmdhhhhyysoo++++syys+ohddmmmds/////sy+//:/+hos/+ohdmmdy+sdmmmmdhdNNdhdmNNmmdddmmmmNNNNNNNNNNNNNNN
NNmmmdddhhyyssssyhhy+/+ydmdddyo//oso/oho//::/syoo/+oshddhmy+hddmNmmmmNmddNNNNmmmdmmmmNNNNNNNNNNNNNNN
NNNmmddddhhyyyyddy+/+ydmddyo///oyyo+ohy+//:/odoo+/oooshdydh+sdddmNmNmmmmmNNNNNNmddmmNNNNNNNNNNNNNNNN
NNNNmmmmmddhhdmdo/+ydddhy+//+syyyo+ohhs++:++dsoo/osoossyyhd+oddhdmmmmmmmmNNNNNmmdmmmmNmNNmNNNNNNNNNN
NNNNNmmmmddddmh+/oyhhys+/+oyhhyyo+oyhyoo//+yhoo+ossssyyhyhdo+ydhhmmmmhmNmmNNNNmmdmmmNNNNNNNNNNNNNNNN
NNNNNmmmmddddyooyhhyo++osyhhhyysooydhsso/oodsoo+ssssyyyhhhmyosddhdmmmdhmmmmNNNNmmmmmNNNNNNNNNNNNNNNN
NNNNNmmmdddhsosyhysoosyhhhhhhysssyddyyysoyydssosyyyyyhhhhdmhysdddhdmmdydmmmmmmNmmmmmNNNNNNNNNNNNNNNN
NNNNmmdddhysoosysssyhdddddhhhyssyddhhhhsyhdhyysyyyyhhhddddmdhyhddhhmmmyymmdhmmmmmmmmNNNNNNNNNNNNNNNN
NNmmmmddhysssssyyhhdmmmmdddhhyyhdddhhhdyddmdhyhhhhhddddmmmmmdddmmhhdmmhyhmmhhmmmmmNNNNNNNNNNNNNNNNNN
NNNmmdddhhhyyhhddmmmmmmmmmdddddmmmdddddhmmmddhdddddddmmmmmNmmmmmmdhdmmdhhdmdhdmmmmNNNNNNNNNNNNNNNNNN
NNNNmmmmmdddmmmmmNNNNmmmmmmdmmmmmmmmmmmmmmmmmdmmmmmmmmmmmmNNNmmmmmddmmmhhdmmdddmmmNNNNNNNNNNNNNNNNNN
NNNNNNNNNNNNNNNNNNNNNNNNNmmmmmNNNNNmNNmNNNNNmmNNNmmNmNNNNNNNNNNNNNmmmmmdddmmdddmmmNNNNNNNNNNNNNNNNNN
NNNNNNNNNNNNNNNNNNNNNNNNNNNNNNNNNNNNNNNNNNNNNNNNNNNNNNNNNNNNNNNNNNNmNmmmdddmmmmmmNNNNNNNNNNNNNNNNNNN
NNNNNNNNNNNNNNNNNNNNNNNNNNNNNNNNNNNNNNNNNNNNNNNNNNNNNNNNNNNNNNNNNNNNNNNmmmmmmmmmNNNNNNNNNNNNNNNNNNNN
NNNNNNNNNNNNNNNNNNNNNNNNNNNNNNNNNNNNNNNNNNNNNNNNNNNNNNNNNNNNNNNNNNNNNNNNmmmNmmNNNNNNNNNNNNNNNNNNNNNN


skull@DESKTOP-ENFPVK3 MINGW64 ~
$ cd desktop

skull@DESKTOP-ENFPVK3 MINGW64 ~/desktop
$ mkdir corpse

skull@DESKTOP-ENFPVK3 MINGW64 ~/desktop
$ cd corpse

skull@DESKTOP-ENFPVK3 MINGW64 ~/desktop/corpse
$ python -m venv virt

skull@DESKTOP-ENFPVK3 MINGW64 ~/desktop/corpse
$ ls
virt/

skull@DESKTOP-ENFPVK3 MINGW64 ~/desktop/corpse
$ source virt/Script/activate
bash: virt/Script/activate: No such file or directory

skull@DESKTOP-ENFPVK3 MINGW64 ~/desktop/corpse
$ source virt/Scripts/activate
(virt)
skull@DESKTOP-ENFPVK3 MINGW64 ~/desktop/corpse
$ pip install django
Collecting django
  Downloading Django-4.0.2-py3-none-any.whl (8.0 MB)
Collecting tzdata
  Using cached tzdata-2021.5-py2.py3-none-any.whl (339 kB)
Collecting sqlparse>=0.2.2
  Using cached sqlparse-0.4.2-py3-none-any.whl (42 kB)
Collecting asgiref<4,>=3.4.1
  Downloading asgiref-3.5.0-py3-none-any.whl (22 kB)
Installing collected packages: tzdata, sqlparse, asgiref, django
Successfully installed asgiref-3.5.0 django-4.0.2 sqlparse-0.4.2 tzdata-2021.5
WARNING: You are using pip version 21.1.3; however, version 22.0.3 is available.
You should consider upgrading via the 'c:\users\skull\desktop\corpse\virt\scripts\python.exe -m pip install --upgrade pip' command.
(virt)
skull@DESKTOP-ENFPVK3 MINGW64 ~/desktop/corpse
$ pip freeze
asgiref==3.5.0
Django==4.0.2
sqlparse==0.4.2
tzdata==2021.5
(virt)
skull@DESKTOP-ENFPVK3 MINGW64 ~/desktop/corpse
$ django-admin.py startproject corpse_pro
(virt)
skull@DESKTOP-ENFPVK3 MINGW64 ~/desktop/corpse
$ ls
corpse_pro/  virt/
(virt)
skull@DESKTOP-ENFPVK3 MINGW64 ~/desktop/corpse
$ cd corpse_pro
(virt)
skull@DESKTOP-ENFPVK3 MINGW64 ~/desktop/corpse/corpse_pro
$ ls
corpse_pro/  manage.py*
(virt)
skull@DESKTOP-ENFPVK3 MINGW64 ~/desktop/corpse/corpse_pro
$ python manage.py runserver
Watching for file changes with StatReloader

(virt)
skull@DESKTOP-ENFPVK3 MINGW64 ~/desktop/corpse/corpse_pro
$ code .
(virt)
skull@DESKTOP-ENFPVK3 MINGW64 ~/desktop/corpse/corpse_pro
$ python manage.py startapp autopsy_app
(virt)
skull@DESKTOP-ENFPVK3 MINGW64 ~/desktop/corpse/corpse_pro
$ ls
autopsy_app/  corpse_pro/  db.sqlite3  manage.py*
(virt)
skull@DESKTOP-ENFPVK3 MINGW64 ~/desktop/corpse/corpse_pro
$ python manage.py runserver
Watching for file changes with StatReloader
Internal Server Error: /
Traceback (most recent call last):
  File "C:\Users\skull\desktop\corpse\virt\lib\site-packages\django\core\handlers\exception.py", line 47, in inner
    response = get_response(request)
  File "C:\Users\skull\desktop\corpse\virt\lib\site-packages\django\utils\deprecation.py", line 128, in __call__
    response = self.process_response(request, response)
  File "C:\Users\skull\desktop\corpse\virt\lib\site-packages\django\middleware\clickjacking.py", line 26, in process_response
    if response.get('X-Frame-Options') is not None:
AttributeError: 'tuple' object has no attribute 'get'
[12/Feb/2022 04:06:47] "GET / HTTP/1.1" 500 66601
Not Found: /favicon.ico
[12/Feb/2022 04:07:07] "GET /favicon.ico HTTP/1.1" 404 2276
Internal Server Error: /
Traceback (most recent call last):
  File "C:\Users\skull\desktop\corpse\virt\lib\site-packages\django\core\handlers\exception.py", line 47, in inner
    response = get_response(request)
  File "C:\Users\skull\desktop\corpse\virt\lib\site-packages\django\utils\deprecation.py", line 128, in __call__
    response = self.process_response(request, response)
  File "C:\Users\skull\desktop\corpse\virt\lib\site-packages\django\middleware\clickjacking.py", line 26, in process_response
    if response.get('X-Frame-Options') is not None:
AttributeError: 'tuple' object has no attribute 'get'
[12/Feb/2022 04:07:30] "GET / HTTP/1.1" 500 66738
Performing system checks...

System check identified no issues (0 silenced).

You have 18 unapplied migration(s). Your project may not work properly until you apply the migrations for app(s): admin, auth, contenttypes, sessions.
Run 'python manage.py migrate' to apply them.
February 12, 2022 - 04:05:33
Django version 4.0.2, using settings 'corpse_pro.settings'
Starting development server at http://127.0.0.1:8000/
Quit the server with CTRL-BREAK.
(virt)
skull@DESKTOP-ENFPVK3 MINGW64 ~/desktop/corpse/corpse_pro
$ python manage.py runserver
Watching for file changes with StatReloader
Internal Server Error: /
Traceback (most recent call last):
  File "C:\Users\skull\desktop\corpse\virt\lib\site-packages\django\core\handlers\exception.py", line 47, in inner
    response = get_response(request)
  File "C:\Users\skull\desktop\corpse\virt\lib\site-packages\django\utils\deprecation.py", line 128, in __call__
    response = self.process_response(request, response)
  File "C:\Users\skull\desktop\corpse\virt\lib\site-packages\django\middleware\clickjacking.py", line 26, in process_response
    if response.get('X-Frame-Options') is not None:
AttributeError: 'tuple' object has no attribute 'get'
[12/Feb/2022 04:12:14] "GET / HTTP/1.1" 500 66738
C:\Users\skull\Desktop\corpse\corpse_pro\corpse_pro\settings.py changed, reloading.
Performing system checks...

System check identified no issues (0 silenced).

You have 18 unapplied migration(s). Your project may not work properly until you apply the migrations for app(s): admin, auth, contenttypes, sessions.
Run 'python manage.py migrate' to apply them.
February 12, 2022 - 04:12:09
Django version 4.0.2, using settings 'corpse_pro.settings'
Starting development server at http://127.0.0.1:8000/
Quit the server with CTRL-BREAK.
Watching for file changes with StatReloader
C:\Users\skull\Desktop\corpse\corpse_pro\corpse_pro\urls.py changed, reloading.
Performing system checks...

System check identified no issues (0 silenced).

You have 18 unapplied migration(s). Your project may not work properly until you apply the migrations for app(s): admin, auth, contenttypes, sessions.
Run 'python manage.py migrate' to apply them.
February 12, 2022 - 04:13:29
Django version 4.0.2, using settings 'corpse_pro.settings'
Starting development server at http://127.0.0.1:8000/
Quit the server with CTRL-BREAK.
Watching for file changes with StatReloader
Internal Server Error: /
Traceback (most recent call last):
  File "C:\Users\skull\desktop\corpse\virt\lib\site-packages\django\core\handlers\exception.py", line 47, in inner
    response = get_response(request)
  File "C:\Users\skull\desktop\corpse\virt\lib\site-packages\django\utils\deprecation.py", line 128, in __call__
    response = self.process_response(request, response)
  File "C:\Users\skull\desktop\corpse\virt\lib\site-packages\django\middleware\clickjacking.py", line 26, in process_response
    if response.get('X-Frame-Options') is not None:
AttributeError: 'tuple' object has no attribute 'get'
[12/Feb/2022 04:14:19] "GET / HTTP/1.1" 500 66738
C:\Users\skull\Desktop\corpse\corpse_pro\autopsy_app\urls.py changed, reloading.
Performing system checks...

System check identified no issues (0 silenced).

You have 18 unapplied migration(s). Your project may not work properly until you apply the migrations for app(s): admin, auth, contenttypes, sessions.
Run 'python manage.py migrate' to apply them.
February 12, 2022 - 04:14:10
Django version 4.0.2, using settings 'corpse_pro.settings'
Starting development server at http://127.0.0.1:8000/
Quit the server with CTRL-BREAK.
Watching for file changes with StatReloader
Internal Server Error: /
Traceback (most recent call last):
  File "C:\Users\skull\desktop\corpse\virt\lib\site-packages\django\core\handlers\exception.py", line 47, in inner
    response = get_response(request)
  File "C:\Users\skull\desktop\corpse\virt\lib\site-packages\django\utils\deprecation.py", line 128, in __call__
    response = self.process_response(request, response)
  File "C:\Users\skull\desktop\corpse\virt\lib\site-packages\django\middleware\clickjacking.py", line 26, in process_response
    if response.get('X-Frame-Options') is not None:
AttributeError: 'tuple' object has no attribute 'get'
[12/Feb/2022 04:19:46] "GET / HTTP/1.1" 500 66738
C:\Users\skull\Desktop\corpse\corpse_pro\autopsy_app\urls.py changed, reloading.
Performing system checks...

System check identified no issues (0 silenced).

You have 18 unapplied migration(s). Your project may not work properly until you apply the migrations for app(s): admin, auth, contenttypes, sessions.
Run 'python manage.py migrate' to apply them.
February 12, 2022 - 04:18:55
Django version 4.0.2, using settings 'corpse_pro.settings'
Starting development server at http://127.0.0.1:8000/
Quit the server with CTRL-BREAK.
Watching for file changes with StatReloader
C:\Users\skull\Desktop\corpse\corpse_pro\autopsy_app\urls.py changed, reloading.
Performing system checks...

System check identified no issues (0 silenced).

You have 18 unapplied migration(s). Your project may not work properly until you apply the migrations for app(s): admin, auth, contenttypes, sessions.
Run 'python manage.py migrate' to apply them.
February 12, 2022 - 04:20:06
Django version 4.0.2, using settings 'corpse_pro.settings'
Starting development server at http://127.0.0.1:8000/
Quit the server with CTRL-BREAK.
Watching for file changes with StatReloader
Internal Server Error: /
Traceback (most recent call last):
  File "C:\Users\skull\desktop\corpse\virt\lib\site-packages\django\core\handlers\exception.py", line 47, in inner
    response = get_response(request)
  File "C:\Users\skull\desktop\corpse\virt\lib\site-packages\django\utils\deprecation.py", line 128, in __call__
    response = self.process_response(request, response)
  File "C:\Users\skull\desktop\corpse\virt\lib\site-packages\django\middleware\clickjacking.py", line 26, in process_response
    if response.get('X-Frame-Options') is not None:
AttributeError: 'tuple' object has no attribute 'get'
[12/Feb/2022 04:21:26] "GET / HTTP/1.1" 500 66738
(virt)
skull@DESKTOP-ENFPVK3 MINGW64 ~/desktop/corpse/corpse_pro
$ python manage.py runserver
Watching for file changes with StatReloader
C:\Users\skull\Desktop\corpse\corpse_pro\autopsy_app\views.py changed, reloading.
Performing system checks...

System check identified no issues (0 silenced).

You have 18 unapplied migration(s). Your project may not work properly until you apply the migrations for app(s): admin, auth, contenttypes, sessions.
Run 'python manage.py migrate' to apply them.
February 12, 2022 - 04:33:34
Django version 4.0.2, using settings 'corpse_pro.settings'
Starting development server at http://127.0.0.1:8000/
Quit the server with CTRL-BREAK.
Watching for file changes with StatReloader
Internal Server Error: /
Traceback (most recent call last):
  File "C:\Users\skull\desktop\corpse\virt\lib\site-packages\django\core\handlers\exception.py", line 47, in inner
    response = get_response(request)
  File "C:\Users\skull\desktop\corpse\virt\lib\site-packages\django\utils\deprecation.py", line 128, in __call__
    response = self.process_response(request, response)
  File "C:\Users\skull\desktop\corpse\virt\lib\site-packages\django\middleware\clickjacking.py", line 26, in process_response
    if response.get('X-Frame-Options') is not None:
AttributeError: 'tuple' object has no attribute 'get'
[12/Feb/2022 04:38:35] "GET / HTTP/1.1" 500 66720
C:\Users\skull\Desktop\corpse\corpse_pro\autopsy_app\views.py changed, reloading.
Performing system checks...

System check identified no issues (0 silenced).

You have 18 unapplied migration(s). Your project may not work properly until you apply the migrations for app(s): admin, auth, contenttypes, sessions.
Run 'python manage.py migrate' to apply them.
February 12, 2022 - 04:38:29
Django version 4.0.2, using settings 'corpse_pro.settings'
Starting development server at http://127.0.0.1:8000/
Quit the server with CTRL-BREAK.
Watching for file changes with StatReloader

[12/Feb/2022 04:48:13] "GET / HTTP/1.1" 200 15
C:\Users\skull\Desktop\corpse\corpse_pro\autopsy_app\urls.py changed, reloading.
Performing system checks...

System check identified no issues (0 silenced).

You have 18 unapplied migration(s). Your project may not work properly until you apply the migrations for app(s): admin, auth, contenttypes, sessions.
Run 'python manage.py migrate' to apply them.
February 12, 2022 - 04:39:00
Django version 4.0.2, using settings 'corpse_pro.settings'
Starting development server at http://127.0.0.1:8000/
Quit the server with CTRL-BREAK.
Watching for file changes with StatReloader
[12/Feb/2022 04:49:32] "GET / HTTP/1.1" 200 15
[12/Feb/2022 04:50:58] "GET / HTTP/1.1" 200 21
Traceback (most recent call last):
  File "C:\Users\skull\desktop\corpse\virt\lib\site-packages\django\core\management\base.py", line 373, in run_from_argv
    self.execute(*args, **cmd_options)
  File "C:\Users\skull\desktop\corpse\virt\lib\site-packages\django\core\management\commands\runserver.py", line 66, in execute
    super().execute(*args, **options)
  File "C:\Users\skull\desktop\corpse\virt\lib\site-packages\django\core\management\base.py", line 417, in execute
    output = self.handle(*args, **options)
  File "C:\Users\skull\desktop\corpse\virt\lib\site-packages\django\core\management\commands\runserver.py", line 101, in handle
    self.run(**options)
  File "C:\Users\skull\desktop\corpse\virt\lib\site-packages\django\core\management\commands\runserver.py", line 108, in run
    autoreload.run_with_reloader(self.inner_run, **options)
  File "C:\Users\skull\desktop\corpse\virt\lib\site-packages\django\utils\autoreload.py", line 647, in run_with_reloader
    sys.exit(exit_code)
SystemExit: 130

During handling of the above exception, another exception occurred:

Traceback (most recent call last):
  File "C:\Users\skull\desktop\corpse\corpse_pro\manage.py", line 22, in <module>
    main()
  File "C:\Users\skull\desktop\corpse\corpse_pro\manage.py", line 18, in main
    execute_from_command_line(sys.argv)
  File "C:\Users\skull\desktop\corpse\virt\lib\site-packages\django\core\management\__init__.py", line 425, in execute_from_command_line
    utility.execute()
  File "C:\Users\skull\desktop\corpse\virt\lib\site-packages\django\core\management\__init__.py", line 419, in execute
    self.fetch_command(subcommand).run_from_argv(self.argv)
  File "C:\Users\skull\desktop\corpse\virt\lib\site-packages\django\core\management\base.py", line 386, in run_from_argv
    connections.close_all()
  File "C:\Users\skull\desktop\corpse\virt\lib\site-packages\django\db\utils.py", line 210, in close_all
    connection = getattr(self._connections, alias)
  File "C:\Users\skull\desktop\corpse\virt\lib\site-packages\asgiref\local.py", line 99, in __getattr__
    def __getattr__(self, key):
KeyboardInterrupt
(virt)
skull@DESKTOP-ENFPVK3 MINGW64 ~/desktop/corpse/corpse_pro
$
(virt)
skull@DESKTOP-ENFPVK3 MINGW64 ~/desktop/corpse/corpse_pro
$
